[21-Oct-2025 06:18:06 UTC] PHP Warning:  simplexml_load_string(): Entity: line 28: parser error : AttValue: &quot; or ' expected in C:\ptm-portal\public\admin\explore_xml_structure.php on line 19
[21-Oct-2025 06:18:06 UTC] PHP Warning:  simplexml_load_string():             &lt;span&gt;&lt;H1&gt;Server Error in '/Legacy/Api' Application.&lt;hr width=100% s in C:\ptm-portal\public\admin\explore_xml_structure.php on line 19
[21-Oct-2025 06:18:06 UTC] PHP Warning:  simplexml_load_string():                                                                           ^ in C:\ptm-portal\public\admin\explore_xml_structure.php on line 19
[21-Oct-2025 06:18:06 UTC] PHP Warning:  simplexml_load_string(): Entity: line 28: parser error : internal error: xmlParseStartTag: problem parsing attributes in C:\ptm-portal\public\admin\explore_xml_structure.php on line 19
[21-Oct-2025 06:18:06 UTC] PHP Warning:  simplexml_load_string():             &lt;span&gt;&lt;H1&gt;Server Error in '/Legacy/Api' Application.&lt;hr width=100% s in C:\ptm-portal\public\admin\explore_xml_structure.php on line 19
[21-Oct-2025 06:18:06 UTC] PHP Warning:  simplexml_load_string():                                                                           ^ in C:\ptm-portal\public\admin\explore_xml_structure.php on line 19
[21-Oct-2025 06:18:06 UTC] PHP Warning:  simplexml_load_string(): Entity: line 28: parser error : Couldn't find end of Start Tag hr line 28 in C:\ptm-portal\public\admin\explore_xml_structure.php on line 19
[21-Oct-2025 06:18:06 UTC] PHP Warning:  simplexml_load_string():             &lt;span&gt;&lt;H1&gt;Server Error in '/Legacy/Api' Application.&lt;hr width=100% s in C:\ptm-portal\public\admin\explore_xml_structure.php on line 19
[21-Oct-2025 06:18:06 UTC] PHP Warning:  simplexml_load_string():                                                                           ^ in C:\ptm-portal\public\admin\explore_xml_structure.php on line 19
[21-Oct-2025 06:18:06 UTC] PHP Warning:  simplexml_load_string(): Entity: line 39: parser error : AttValue: &quot; or ' expected in C:\ptm-portal\public\admin\explore_xml_structure.php on line 19
[21-Oct-2025 06:18:06 UTC] PHP Warning:  simplexml_load_string():             &lt;table width=100% bgcolor=&quot;#ffffcc&quot;&gt; in C:\ptm-portal\public\admin\explore_xml_structure.php on line 19
[21-Oct-2025 06:18:06 UTC] PHP Warning:  simplexml_load_string():                          ^ in C:\ptm-portal\public\admin\explore_xml_structure.php on line 19
[21-Oct-2025 06:18:06 UTC] PHP Warning:  simplexml_load_string(): Entity: line 39: parser error : internal error: xmlParseStartTag: problem parsing attributes in C:\ptm-portal\public\admin\explore_xml_structure.php on line 19
[21-Oct-2025 06:18:06 UTC] PHP Warning:  simplexml_load_string():             &lt;table width=100% bgcolor=&quot;#ffffcc&quot;&gt; in C:\ptm-portal\public\admin\explore_xml_structure.php on line 19
[21-Oct-2025 06:18:06 UTC] PHP Warning:  simplexml_load_string():                          ^ in C:\ptm-portal\public\admin\explore_xml_structure.php on line 19
[21-Oct-2025 06:18:06 UTC] PHP Warning:  simplexml_load_string(): Entity: line 39: parser error : Couldn't find end of Start Tag table line 39 in C:\ptm-portal\public\admin\explore_xml_structure.php on line 19
[21-Oct-2025 06:18:06 UTC] PHP Warning:  simplexml_load_string():             &lt;table width=100% bgcolor=&quot;#ffffcc&quot;&gt; in C:\ptm-portal\public\admin\explore_xml_structure.php on line 19
[21-Oct-2025 06:18:06 UTC] PHP Warning:  simplexml_load_string():                          ^ in C:\ptm-portal\public\admin\explore_xml_structure.php on line 19
[21-Oct-2025 06:18:06 UTC] PHP Warning:  simplexml_load_string(): Entity: line 54: parser error : Opening and ending tag mismatch: br line 37 and table in C:\ptm-portal\public\admin\explore_xml_structure.php on line 19
[21-Oct-2025 06:18:06 UTC] PHP Warning:  simplexml_load_string():             &lt;/table&gt; in C:\ptm-portal\public\admin\explore_xml_structure.php on line 19
[21-Oct-2025 06:18:06 UTC] PHP Warning:  simplexml_load_string():                     ^ in C:\ptm-portal\public\admin\explore_xml_structure.php on line 19
[21-Oct-2025 06:18:06 UTC] PHP Warning:  simplexml_load_string(): Entity: line 60: parser error : AttValue: &quot; or ' expected in C:\ptm-portal\public\admin\explore_xml_structure.php on line 19
[21-Oct-2025 06:18:06 UTC] PHP Warning:  simplexml_load_string():             &lt;table width=100% bgcolor=&quot;#ffffcc&quot;&gt; in C:\ptm-portal\public\admin\explore_xml_structure.php on line 19
[21-Oct-2025 06:18:06 UTC] PHP Warning:  simplexml_load_string():                          ^ in C:\ptm-portal\public\admin\explore_xml_structure.php on line 19
[21-Oct-2025 06:18:06 UTC] PHP Warning:  simplexml_load_string(): Entity: line 60: parser error : internal error: xmlParseStartTag: problem parsing attributes in C:\ptm-portal\public\admin\explore_xml_structure.php on line 19
[21-Oct-2025 06:18:06 UTC] PHP Warning:  simplexml_load_string():             &lt;table width=100% bgcolor=&quot;#ffffcc&quot;&gt; in C:\ptm-portal\public\admin\explore_xml_structure.php on line 19
[21-Oct-2025 06:18:06 UTC] PHP Warning:  simplexml_load_string():                          ^ in C:\ptm-portal\public\admin\explore_xml_structure.php on line 19
[21-Oct-2025 06:18:06 UTC] PHP Warning:  simplexml_load_string(): Entity: line 60: parser error : Couldn't find end of Start Tag table line 60 in C:\ptm-portal\public\admin\explore_xml_structure.php on line 19
[21-Oct-2025 06:18:06 UTC] PHP Warning:  simplexml_load_string():             &lt;table width=100% bgcolor=&quot;#ffffcc&quot;&gt; in C:\ptm-portal\public\admin\explore_xml_structure.php on line 19
[21-Oct-2025 06:18:06 UTC] PHP Warning:  simplexml_load_string():                          ^ in C:\ptm-portal\public\admin\explore_xml_structure.php on line 19
[21-Oct-2025 06:18:06 UTC] PHP Warning:  simplexml_load_string(): Entity: line 75: parser error : Opening and ending tag mismatch: br line 58 and table in C:\ptm-portal\public\admin\explore_xml_structure.php on line 19
[21-Oct-2025 06:18:06 UTC] PHP Warning:  simplexml_load_string():             &lt;/table&gt; in C:\ptm-portal\public\admin\explore_xml_structure.php on line 19
[21-Oct-2025 06:18:06 UTC] PHP Warning:  simplexml_load_string():                     ^ in C:\ptm-portal\public\admin\explore_xml_structure.php on line 19
[21-Oct-2025 06:18:06 UTC] PHP Warning:  simplexml_load_string(): Entity: line 79: parser error : Opening and ending tag mismatch: br line 77 and font in C:\ptm-portal\public\admin\explore_xml_structure.php on line 19
[21-Oct-2025 06:18:06 UTC] PHP Warning:  simplexml_load_string():             &lt;/font&gt; in C:\ptm-portal\public\admin\explore_xml_structure.php on line 19
[21-Oct-2025 06:18:06 UTC] PHP Warning:  simplexml_load_string():                    ^ in C:\ptm-portal\public\admin\explore_xml_structure.php on line 19
[21-Oct-2025 06:18:06 UTC] PHP Warning:  simplexml_load_string(): Entity: line 81: parser error : Opening and ending tag mismatch: br line 58 and body in C:\ptm-portal\public\admin\explore_xml_structure.php on line 19
[21-Oct-2025 06:18:06 UTC] PHP Warning:  simplexml_load_string():     &lt;/body&gt; in C:\ptm-portal\public\admin\explore_xml_structure.php on line 19
[21-Oct-2025 06:18:06 UTC] PHP Warning:  simplexml_load_string():            ^ in C:\ptm-portal\public\admin\explore_xml_structure.php on line 19
[21-Oct-2025 06:18:06 UTC] PHP Warning:  simplexml_load_string(): Entity: line 82: parser error : Opening and ending tag mismatch: br line 56 and html in C:\ptm-portal\public\admin\explore_xml_structure.php on line 19
[21-Oct-2025 06:18:06 UTC] PHP Warning:  simplexml_load_string(): &lt;/html&gt; in C:\ptm-portal\public\admin\explore_xml_structure.php on line 19
[21-Oct-2025 06:18:06 UTC] PHP Warning:  simplexml_load_string():        ^ in C:\ptm-portal\public\admin\explore_xml_structure.php on line 19
[21-Oct-2025 06:18:06 UTC] PHP Warning:  simplexml_load_string(): Entity: line 83: parser error : Premature end of data in tag br line 37 in C:\ptm-portal\public\admin\explore_xml_structure.php on line 19
[21-Oct-2025 06:18:06 UTC] PHP Warning:  simplexml_load_string():  in C:\ptm-portal\public\admin\explore_xml_structure.php on line 19
[21-Oct-2025 06:18:06 UTC] PHP Warning:  simplexml_load_string(): ^ in C:\ptm-portal\public\admin\explore_xml_structure.php on line 19
[21-Oct-2025 06:18:06 UTC] PHP Fatal error:  Uncaught Error: Call to a member function getName() on false in C:\ptm-portal\public\admin\explore_xml_structure.php:25
Stack trace:
#0 C:\ptm-portal\public\admin\explore_xml_structure.php(167): exploreNode(false, '', 0, 5)
#1 C:\ptm-portal\public\router.php(68): include('C:\\ptm-portal\\p...')
#2 C:\ptm-portal\public\index.php(7): require_once('C:\\ptm-portal\\p...')
#3 {main}
  thrown in C:\ptm-portal\public\admin\explore_xml_structure.php on line 25
[21-Oct-2025 06:27:06 UTC] PHP Warning:  simplexml_load_string(): Entity: line 28: parser error : AttValue: &quot; or ' expected in C:\ptm-portal\public\admin\explore_xml_structure.php on line 19
[21-Oct-2025 06:27:06 UTC] PHP Warning:  simplexml_load_string():             &lt;span&gt;&lt;H1&gt;Server Error in '/Legacy/Api' Application.&lt;hr width=100% s in C:\ptm-portal\public\admin\explore_xml_structure.php on line 19
[21-Oct-2025 06:27:06 UTC] PHP Warning:  simplexml_load_string():                                                                           ^ in C:\ptm-portal\public\admin\explore_xml_structure.php on line 19
[21-Oct-2025 06:27:06 UTC] PHP Warning:  simplexml_load_string(): Entity: line 28: parser error : internal error: xmlParseStartTag: problem parsing attributes in C:\ptm-portal\public\admin\explore_xml_structure.php on line 19
[21-Oct-2025 06:27:06 UTC] PHP Warning:  simplexml_load_string():             &lt;span&gt;&lt;H1&gt;Server Error in '/Legacy/Api' Application.&lt;hr width=100% s in C:\ptm-portal\public\admin\explore_xml_structure.php on line 19
[21-Oct-2025 06:27:06 UTC] PHP Warning:  simplexml_load_string():                                                                           ^ in C:\ptm-portal\public\admin\explore_xml_structure.php on line 19
[21-Oct-2025 06:27:06 UTC] PHP Warning:  simplexml_load_string(): Entity: line 28: parser error : Couldn't find end of Start Tag hr line 28 in C:\ptm-portal\public\admin\explore_xml_structure.php on line 19
[21-Oct-2025 06:27:06 UTC] PHP Warning:  simplexml_load_string():             &lt;span&gt;&lt;H1&gt;Server Error in '/Legacy/Api' Application.&lt;hr width=100% s in C:\ptm-portal\public\admin\explore_xml_structure.php on line 19
[21-Oct-2025 06:27:06 UTC] PHP Warning:  simplexml_load_string():                                                                           ^ in C:\ptm-portal\public\admin\explore_xml_structure.php on line 19
[21-Oct-2025 06:27:06 UTC] PHP Warning:  simplexml_load_string(): Entity: line 39: parser error : AttValue: &quot; or ' expected in C:\ptm-portal\public\admin\explore_xml_structure.php on line 19
[21-Oct-2025 06:27:06 UTC] PHP Warning:  simplexml_load_string():             &lt;table width=100% bgcolor=&quot;#ffffcc&quot;&gt; in C:\ptm-portal\public\admin\explore_xml_structure.php on line 19
[21-Oct-2025 06:27:06 UTC] PHP Warning:  simplexml_load_string():                          ^ in C:\ptm-portal\public\admin\explore_xml_structure.php on line 19
[21-Oct-2025 06:27:06 UTC] PHP Warning:  simplexml_load_string(): Entity: line 39: parser error : internal error: xmlParseStartTag: problem parsing attributes in C:\ptm-portal\public\admin\explore_xml_structure.php on line 19
[21-Oct-2025 06:27:06 UTC] PHP Warning:  simplexml_load_string():             &lt;table width=100% bgcolor=&quot;#ffffcc&quot;&gt; in C:\ptm-portal\public\admin\explore_xml_structure.php on line 19
[21-Oct-2025 06:27:06 UTC] PHP Warning:  simplexml_load_string():                          ^ in C:\ptm-portal\public\admin\explore_xml_structure.php on line 19
[21-Oct-2025 06:27:06 UTC] PHP Warning:  simplexml_load_string(): Entity: line 39: parser error : Couldn't find end of Start Tag table line 39 in C:\ptm-portal\public\admin\explore_xml_structure.php on line 19
[21-Oct-2025 06:27:06 UTC] PHP Warning:  simplexml_load_string():             &lt;table width=100% bgcolor=&quot;#ffffcc&quot;&gt; in C:\ptm-portal\public\admin\explore_xml_structure.php on line 19
[21-Oct-2025 06:27:06 UTC] PHP Warning:  simplexml_load_string():                          ^ in C:\ptm-portal\public\admin\explore_xml_structure.php on line 19
[21-Oct-2025 06:27:06 UTC] PHP Warning:  simplexml_load_string(): Entity: line 54: parser error : Opening and ending tag mismatch: br line 37 and table in C:\ptm-portal\public\admin\explore_xml_structure.php on line 19
[21-Oct-2025 06:27:06 UTC] PHP Warning:  simplexml_load_string():             &lt;/table&gt; in C:\ptm-portal\public\admin\explore_xml_structure.php on line 19
[21-Oct-2025 06:27:06 UTC] PHP Warning:  simplexml_load_string():                     ^ in C:\ptm-portal\public\admin\explore_xml_structure.php on line 19
[21-Oct-2025 06:27:06 UTC] PHP Warning:  simplexml_load_string(): Entity: line 60: parser error : AttValue: &quot; or ' expected in C:\ptm-portal\public\admin\explore_xml_structure.php on line 19
[21-Oct-2025 06:27:06 UTC] PHP Warning:  simplexml_load_string():             &lt;table width=100% bgcolor=&quot;#ffffcc&quot;&gt; in C:\ptm-portal\public\admin\explore_xml_structure.php on line 19
[21-Oct-2025 06:27:06 UTC] PHP Warning:  simplexml_load_string():                          ^ in C:\ptm-portal\public\admin\explore_xml_structure.php on line 19
[21-Oct-2025 06:27:06 UTC] PHP Warning:  simplexml_load_string(): Entity: line 60: parser error : internal error: xmlParseStartTag: problem parsing attributes in C:\ptm-portal\public\admin\explore_xml_structure.php on line 19
[21-Oct-2025 06:27:06 UTC] PHP Warning:  simplexml_load_string():             &lt;table width=100% bgcolor=&quot;#ffffcc&quot;&gt; in C:\ptm-portal\public\admin\explore_xml_structure.php on line 19
[21-Oct-2025 06:27:06 UTC] PHP Warning:  simplexml_load_string():                          ^ in C:\ptm-portal\public\admin\explore_xml_structure.php on line 19
[21-Oct-2025 06:27:06 UTC] PHP Warning:  simplexml_load_string(): Entity: line 60: parser error : Couldn't find end of Start Tag table line 60 in C:\ptm-portal\public\admin\explore_xml_structure.php on line 19
[21-Oct-2025 06:27:06 UTC] PHP Warning:  simplexml_load_string():             &lt;table width=100% bgcolor=&quot;#ffffcc&quot;&gt; in C:\ptm-portal\public\admin\explore_xml_structure.php on line 19
[21-Oct-2025 06:27:06 UTC] PHP Warning:  simplexml_load_string():                          ^ in C:\ptm-portal\public\admin\explore_xml_structure.php on line 19
[21-Oct-2025 06:27:06 UTC] PHP Warning:  simplexml_load_string(): Entity: line 75: parser error : Opening and ending tag mismatch: br line 58 and table in C:\ptm-portal\public\admin\explore_xml_structure.php on line 19
[21-Oct-2025 06:27:06 UTC] PHP Warning:  simplexml_load_string():             &lt;/table&gt; in C:\ptm-portal\public\admin\explore_xml_structure.php on line 19
[21-Oct-2025 06:27:06 UTC] PHP Warning:  simplexml_load_string():                     ^ in C:\ptm-portal\public\admin\explore_xml_structure.php on line 19
[21-Oct-2025 06:27:06 UTC] PHP Warning:  simplexml_load_string(): Entity: line 79: parser error : Opening and ending tag mismatch: br line 77 and font in C:\ptm-portal\public\admin\explore_xml_structure.php on line 19
[21-Oct-2025 06:27:06 UTC] PHP Warning:  simplexml_load_string():             &lt;/font&gt; in C:\ptm-portal\public\admin\explore_xml_structure.php on line 19
[21-Oct-2025 06:27:06 UTC] PHP Warning:  simplexml_load_string():                    ^ in C:\ptm-portal\public\admin\explore_xml_structure.php on line 19
[21-Oct-2025 06:27:06 UTC] PHP Warning:  simplexml_load_string(): Entity: line 81: parser error : Opening and ending tag mismatch: br line 58 and body in C:\ptm-portal\public\admin\explore_xml_structure.php on line 19
[21-Oct-2025 06:27:06 UTC] PHP Warning:  simplexml_load_string():     &lt;/body&gt; in C:\ptm-portal\public\admin\explore_xml_structure.php on line 19
[21-Oct-2025 06:27:06 UTC] PHP Warning:  simplexml_load_string():            ^ in C:\ptm-portal\public\admin\explore_xml_structure.php on line 19
[21-Oct-2025 06:27:06 UTC] PHP Warning:  simplexml_load_string(): Entity: line 82: parser error : Opening and ending tag mismatch: br line 56 and html in C:\ptm-portal\public\admin\explore_xml_structure.php on line 19
[21-Oct-2025 06:27:06 UTC] PHP Warning:  simplexml_load_string(): &lt;/html&gt; in C:\ptm-portal\public\admin\explore_xml_structure.php on line 19
[21-Oct-2025 06:27:06 UTC] PHP Warning:  simplexml_load_string():        ^ in C:\ptm-portal\public\admin\explore_xml_structure.php on line 19
[21-Oct-2025 06:27:06 UTC] PHP Warning:  simplexml_load_string(): Entity: line 83: parser error : Premature end of data in tag br line 37 in C:\ptm-portal\public\admin\explore_xml_structure.php on line 19
[21-Oct-2025 06:27:06 UTC] PHP Warning:  simplexml_load_string():  in C:\ptm-portal\public\admin\explore_xml_structure.php on line 19
[21-Oct-2025 06:27:06 UTC] PHP Warning:  simplexml_load_string(): ^ in C:\ptm-portal\public\admin\explore_xml_structure.php on line 19
[21-Oct-2025 06:27:06 UTC] PHP Fatal error:  Uncaught Error: Call to a member function getName() on false in C:\ptm-portal\public\admin\explore_xml_structure.php:25
Stack trace:
#0 C:\ptm-portal\public\admin\explore_xml_structure.php(167): exploreNode(false, '', 0, 5)
#1 C:\ptm-portal\public\router.php(68): include('C:\\ptm-portal\\p...')
#2 C:\ptm-portal\public\index.php(7): require_once('C:\\ptm-portal\\p...')
#3 {main}
  thrown in C:\ptm-portal\public\admin\explore_xml_structure.php on line 25
[21-Oct-2025 06:44:05 UTC] PHP Warning:  simplexml_load_string(): Entity: line 28: parser error : AttValue: &quot; or ' expected in C:\ptm-portal\public\admin\explore_xml_structure.php on line 19
[21-Oct-2025 06:44:05 UTC] PHP Warning:  simplexml_load_string():             &lt;span&gt;&lt;H1&gt;Server Error in '/Legacy/Api' Application.&lt;hr width=100% s in C:\ptm-portal\public\admin\explore_xml_structure.php on line 19
[21-Oct-2025 06:44:05 UTC] PHP Warning:  simplexml_load_string():                                                                           ^ in C:\ptm-portal\public\admin\explore_xml_structure.php on line 19
[21-Oct-2025 06:44:05 UTC] PHP Warning:  simplexml_load_string(): Entity: line 28: parser error : internal error: xmlParseStartTag: problem parsing attributes in C:\ptm-portal\public\admin\explore_xml_structure.php on line 19
[21-Oct-2025 06:44:05 UTC] PHP Warning:  simplexml_load_string():             &lt;span&gt;&lt;H1&gt;Server Error in '/Legacy/Api' Application.&lt;hr width=100% s in C:\ptm-portal\public\admin\explore_xml_structure.php on line 19
[21-Oct-2025 06:44:05 UTC] PHP Warning:  simplexml_load_string():                                                                           ^ in C:\ptm-portal\public\admin\explore_xml_structure.php on line 19
[21-Oct-2025 06:44:05 UTC] PHP Warning:  simplexml_load_string(): Entity: line 28: parser error : Couldn't find end of Start Tag hr line 28 in C:\ptm-portal\public\admin\explore_xml_structure.php on line 19
[21-Oct-2025 06:44:05 UTC] PHP Warning:  simplexml_load_string():             &lt;span&gt;&lt;H1&gt;Server Error in '/Legacy/Api' Application.&lt;hr width=100% s in C:\ptm-portal\public\admin\explore_xml_structure.php on line 19
[21-Oct-2025 06:44:05 UTC] PHP Warning:  simplexml_load_string():                                                                           ^ in C:\ptm-portal\public\admin\explore_xml_structure.php on line 19
[21-Oct-2025 06:44:05 UTC] PHP Warning:  simplexml_load_string(): Entity: line 39: parser error : AttValue: &quot; or ' expected in C:\ptm-portal\public\admin\explore_xml_structure.php on line 19
[21-Oct-2025 06:44:05 UTC] PHP Warning:  simplexml_load_string():             &lt;table width=100% bgcolor=&quot;#ffffcc&quot;&gt; in C:\ptm-portal\public\admin\explore_xml_structure.php on line 19
[21-Oct-2025 06:44:05 UTC] PHP Warning:  simplexml_load_string():                          ^ in C:\ptm-portal\public\admin\explore_xml_structure.php on line 19
[21-Oct-2025 06:44:05 UTC] PHP Warning:  simplexml_load_string(): Entity: line 39: parser error : internal error: xmlParseStartTag: problem parsing attributes in C:\ptm-portal\public\admin\explore_xml_structure.php on line 19
[21-Oct-2025 06:44:05 UTC] PHP Warning:  simplexml_load_string():             &lt;table width=100% bgcolor=&quot;#ffffcc&quot;&gt; in C:\ptm-portal\public\admin\explore_xml_structure.php on line 19
[21-Oct-2025 06:44:05 UTC] PHP Warning:  simplexml_load_string():                          ^ in C:\ptm-portal\public\admin\explore_xml_structure.php on line 19
[21-Oct-2025 06:44:05 UTC] PHP Warning:  simplexml_load_string(): Entity: line 39: parser error : Couldn't find end of Start Tag table line 39 in C:\ptm-portal\public\admin\explore_xml_structure.php on line 19
[21-Oct-2025 06:44:05 UTC] PHP Warning:  simplexml_load_string():             &lt;table width=100% bgcolor=&quot;#ffffcc&quot;&gt; in C:\ptm-portal\public\admin\explore_xml_structure.php on line 19
[21-Oct-2025 06:44:05 UTC] PHP Warning:  simplexml_load_string():                          ^ in C:\ptm-portal\public\admin\explore_xml_structure.php on line 19
[21-Oct-2025 06:44:05 UTC] PHP Warning:  simplexml_load_string(): Entity: line 54: parser error : Opening and ending tag mismatch: br line 37 and table in C:\ptm-portal\public\admin\explore_xml_structure.php on line 19
[21-Oct-2025 06:44:05 UTC] PHP Warning:  simplexml_load_string():             &lt;/table&gt; in C:\ptm-portal\public\admin\explore_xml_structure.php on line 19
[21-Oct-2025 06:44:05 UTC] PHP Warning:  simplexml_load_string():                     ^ in C:\ptm-portal\public\admin\explore_xml_structure.php on line 19
[21-Oct-2025 06:44:05 UTC] PHP Warning:  simplexml_load_string(): Entity: line 60: parser error : AttValue: &quot; or ' expected in C:\ptm-portal\public\admin\explore_xml_structure.php on line 19
[21-Oct-2025 06:44:05 UTC] PHP Warning:  simplexml_load_string():             &lt;table width=100% bgcolor=&quot;#ffffcc&quot;&gt; in C:\ptm-portal\public\admin\explore_xml_structure.php on line 19
[21-Oct-2025 06:44:05 UTC] PHP Warning:  simplexml_load_string():                          ^ in C:\ptm-portal\public\admin\explore_xml_structure.php on line 19
[21-Oct-2025 06:44:05 UTC] PHP Warning:  simplexml_load_string(): Entity: line 60: parser error : internal error: xmlParseStartTag: problem parsing attributes in C:\ptm-portal\public\admin\explore_xml_structure.php on line 19
[21-Oct-2025 06:44:05 UTC] PHP Warning:  simplexml_load_string():             &lt;table width=100% bgcolor=&quot;#ffffcc&quot;&gt; in C:\ptm-portal\public\admin\explore_xml_structure.php on line 19
[21-Oct-2025 06:44:05 UTC] PHP Warning:  simplexml_load_string():                          ^ in C:\ptm-portal\public\admin\explore_xml_structure.php on line 19
[21-Oct-2025 06:44:05 UTC] PHP Warning:  simplexml_load_string(): Entity: line 60: parser error : Couldn't find end of Start Tag table line 60 in C:\ptm-portal\public\admin\explore_xml_structure.php on line 19
[21-Oct-2025 06:44:05 UTC] PHP Warning:  simplexml_load_string():             &lt;table width=100% bgcolor=&quot;#ffffcc&quot;&gt; in C:\ptm-portal\public\admin\explore_xml_structure.php on line 19
[21-Oct-2025 06:44:05 UTC] PHP Warning:  simplexml_load_string():                          ^ in C:\ptm-portal\public\admin\explore_xml_structure.php on line 19
[21-Oct-2025 06:44:05 UTC] PHP Warning:  simplexml_load_string(): Entity: line 75: parser error : Opening and ending tag mismatch: br line 58 and table in C:\ptm-portal\public\admin\explore_xml_structure.php on line 19
[21-Oct-2025 06:44:05 UTC] PHP Warning:  simplexml_load_string():             &lt;/table&gt; in C:\ptm-portal\public\admin\explore_xml_structure.php on line 19
[21-Oct-2025 06:44:05 UTC] PHP Warning:  simplexml_load_string():                     ^ in C:\ptm-portal\public\admin\explore_xml_structure.php on line 19
[21-Oct-2025 06:44:05 UTC] PHP Warning:  simplexml_load_string(): Entity: line 79: parser error : Opening and ending tag mismatch: br line 77 and font in C:\ptm-portal\public\admin\explore_xml_structure.php on line 19
[21-Oct-2025 06:44:05 UTC] PHP Warning:  simplexml_load_string():             &lt;/font&gt; in C:\ptm-portal\public\admin\explore_xml_structure.php on line 19
[21-Oct-2025 06:44:05 UTC] PHP Warning:  simplexml_load_string():                    ^ in C:\ptm-portal\public\admin\explore_xml_structure.php on line 19
[21-Oct-2025 06:44:05 UTC] PHP Warning:  simplexml_load_string(): Entity: line 81: parser error : Opening and ending tag mismatch: br line 58 and body in C:\ptm-portal\public\admin\explore_xml_structure.php on line 19
[21-Oct-2025 06:44:05 UTC] PHP Warning:  simplexml_load_string():     &lt;/body&gt; in C:\ptm-portal\public\admin\explore_xml_structure.php on line 19
[21-Oct-2025 06:44:05 UTC] PHP Warning:  simplexml_load_string():            ^ in C:\ptm-portal\public\admin\explore_xml_structure.php on line 19
[21-Oct-2025 06:44:05 UTC] PHP Warning:  simplexml_load_string(): Entity: line 82: parser error : Opening and ending tag mismatch: br line 56 and html in C:\ptm-portal\public\admin\explore_xml_structure.php on line 19
[21-Oct-2025 06:44:05 UTC] PHP Warning:  simplexml_load_string(): &lt;/html&gt; in C:\ptm-portal\public\admin\explore_xml_structure.php on line 19
[21-Oct-2025 06:44:05 UTC] PHP Warning:  simplexml_load_string():        ^ in C:\ptm-portal\public\admin\explore_xml_structure.php on line 19
[21-Oct-2025 06:44:05 UTC] PHP Warning:  simplexml_load_string(): Entity: line 83: parser error : Premature end of data in tag br line 37 in C:\ptm-portal\public\admin\explore_xml_structure.php on line 19
[21-Oct-2025 06:44:05 UTC] PHP Warning:  simplexml_load_string():  in C:\ptm-portal\public\admin\explore_xml_structure.php on line 19
[21-Oct-2025 06:44:05 UTC] PHP Warning:  simplexml_load_string(): ^ in C:\ptm-portal\public\admin\explore_xml_structure.php on line 19
[21-Oct-2025 06:44:05 UTC] PHP Fatal error:  Uncaught Error: Call to a member function getName() on false in C:\ptm-portal\public\admin\explore_xml_structure.php:25
Stack trace:
#0 C:\ptm-portal\public\admin\explore_xml_structure.php(167): exploreNode(false, '', 0, 5)
#1 C:\ptm-portal\public\router.php(68): include('C:\\ptm-portal\\p...')
#2 C:\ptm-portal\public\index.php(7): require_once('C:\\ptm-portal\\p...')
#3 {main}
  thrown in C:\ptm-portal\public\admin\explore_xml_structure.php on line 25
